<?xml version="1.0" encoding="UTF-8"?>
<!-- Generated by org.testng.reporters.JUnitXMLReporter -->
<testsuite hostname="Hayat" ignored="0" name="READINGLEVELPROGRESS" tests="2" failures="0" timestamp="04 Jun 2019 07:29:22 GMT" time="26.786" errors="0">
  <testcase name="verifyFilter_TC1" time="2.69" classname="com.benchmark.testcases.RLP.VerifyFilterFunctionalities"/>
  <testcase name="verifyRLP_TC2" time="3.945" classname="com.benchmark.testcases.RLP.VerifyRLPChartValidation"/>
</testsuite> <!-- READINGLEVELPROGRESS -->
